<?xml version="1.0" encoding="UTF-8"?>
<testng-results ignored="0" total="4" passed="4" failed="0" skipped="0">
  <reporter-output>
  </reporter-output>
  <suite started-at="2020-07-20T13:33:12 IST" name="Default suite" finished-at="2020-07-20T13:33:44 IST" duration-ms="32306">
    <groups>
    </groups>
    <test started-at="2020-07-20T13:33:12 IST" name="Default test" finished-at="2020-07-20T13:33:44 IST" duration-ms="32306">
      <class name="test_suite.LoginAsDeveOpsAdmin">
        <test-method is-config="true" signature="NavigateToCMP()[pri:0, instance:test_suite.LoginAsDeveOpsAdmin@3246fb96]" started-at="2020-07-20T13:33:12 IST" name="NavigateToCMP" finished-at="2020-07-20T13:33:28 IST" duration-ms="16571" status="PASS">
          <reporter-output>
          </reporter-output>
        </test-method> <!-- NavigateToCMP -->
        <test-method signature="LoginToCMP()[pri:1, instance:test_suite.LoginAsDeveOpsAdmin@3246fb96]" started-at="2020-07-20T13:33:28 IST" name="LoginToCMP" finished-at="2020-07-20T13:33:35 IST" duration-ms="6374" status="PASS">
          <reporter-output>
          </reporter-output>
        </test-method> <!-- LoginToCMP -->
        <test-method signature="Servers()[pri:2, instance:test_suite.LoginAsDeveOpsAdmin@3246fb96]" started-at="2020-07-20T13:33:35 IST" name="Servers" finished-at="2020-07-20T13:33:38 IST" duration-ms="3204" status="PASS">
          <reporter-output>
          </reporter-output>
        </test-method> <!-- Servers -->
        <test-method signature="Services()[pri:3, instance:test_suite.LoginAsDeveOpsAdmin@3246fb96]" started-at="2020-07-20T13:33:38 IST" name="Services" finished-at="2020-07-20T13:33:41 IST" duration-ms="3360" status="PASS">
          <reporter-output>
          </reporter-output>
        </test-method> <!-- Services -->
        <test-method signature="Groups()[pri:4, instance:test_suite.LoginAsDeveOpsAdmin@3246fb96]" started-at="2020-07-20T13:33:41 IST" name="Groups" finished-at="2020-07-20T13:33:44 IST" duration-ms="2730" status="PASS">
          <reporter-output>
          </reporter-output>
        </test-method> <!-- Groups -->
      </class> <!-- test_suite.LoginAsDeveOpsAdmin -->
    </test> <!-- Default test -->
  </suite> <!-- Default suite -->
</testng-results>
