<?xml version="1.0" encoding="UTF-8"?>
<!-- Generated by org.testng.reporters.JUnitXMLReporter -->
<testsuite ignored="0" hostname="DESKTOP-FE62LF4" failures="0" tests="4" name="Default test" time="32.306" errors="0" timestamp="2020-07-20T13:33:44 IST">
  <testcase classname="test_suite.LoginAsDeveOpsAdmin" name="LoginToCMP" time="6.374"/>
  <testcase classname="test_suite.LoginAsDeveOpsAdmin" name="Servers" time="3.204"/>
  <testcase classname="test_suite.LoginAsDeveOpsAdmin" name="Services" time="3.36"/>
  <testcase classname="test_suite.LoginAsDeveOpsAdmin" name="Groups" time="2.73"/>
</testsuite> <!-- Default test -->
